     1                                  bits 32 
     2                                  
     3                                  global start        
     4                                  
     5                                  ;Se citeste de la tastatura un nume de fisier si un numar N (0<= N < 8). 
     6                                  ;Programul va lua cel de-al N-ule bit din fiecare caracter(byte) din fisier si va numara bitii 1. 
     7                                  ;Programul va afisa numarul de biti la consola.
     8                                  
     9                                  section .text
    10                                      extern exit, fopen, scanf, printf, fclose, fscanf
    11                                      import exit msvcrt.dll
    12                                      import fopen msvcrt.dll
    13                                      import scanf msvcrt.dll
    14                                      import printf msvcrt.dll
    15                                      import fclose msvcrt.dll
    16                                      import fscanf msvcrt.dll
    17                                  
    18                                                 
    19                                  section .data
    20 00000000 00                          filename db '', 0
    21 00000001 7200                        mod_acces db "r", 0
    22 00000003 5365206461206E756D-         mesaj_input db "Se da numele unui fisier : ", 0
    22 0000000C 656C6520756E756920-
    22 00000015 666973696572203A20-
    22 0000001E 00                 
    23 0000001F 536520646120756E20-         mesaj_input2 db "Se da un numar : ", 0
    23 00000028 6E756D6172203A2000 
    24 00000031 00                          numar_citit db 0
    25 00000032 257300                      format db "%s", 0
    26 00000035 00                          char db 0
    27 00000036 00                          descriptor db 0
    28                                      
    29                                  start:
    30 00000037 68[03000000]                push mesaj_input
    31 0000003C FF15[00000000]              call [printf]
    32 00000042 83C404                      add esp, 4
    33                                      
    34 00000045 B800000000                  mov eax, 0
    35 0000004A 8D05[00000000]              lea eax, [filename]
    36 00000050 50                          push eax
    37 00000051 68[32000000]                push format
    38 00000056 FF15[00000000]              call [scanf]
    39 0000005C 83C408                      add esp, 4*2
    40                                          ;se citeste de la tastatura numele fisierului
    41                                      
    42                                      
    43 0000005F 68[01000000]                push dword mod_acces
    44 00000064 68[00000000]                push dword filename
    45 00000069 FF15[00000000]              call [fopen]
    46 0000006F 83C408                      add esp, 4*2
    47                                          ;se deschide fisierul, si se salveaza descriptorul de fisier
    48                                      
    49 00000072 A3[36000000]                mov [descriptor], eax
    50                                          
    51 00000077 68[1F000000]                push mesaj_input2
    52 0000007C FF15[00000000]              call [printf]
    53 00000082 83C404                      add esp, 4
    54                                      
    55 00000085 8D1D[31000000]              lea ebx, [numar_citit]
    56 0000008B 53                          push ebx
    57 0000008C 68[32000000]                push format
    58 00000091 FF15[00000000]              call [scanf]
    59 00000097 83C408                      add esp, 4*2
    60                                          ;citim un numar de la tastatura
    61                                          
    62 0000009A EB00                        jmp citire_fisier
    63                                      
    64                                  citire_fisier:
    65 0000009C 68[35000000]                push dword char
    66 000000A1 68[32000000]                push dword format
    67 000000A6 FF35[36000000]              push dword [descriptor]
    68 000000AC FF15[00000000]              call [fscanf]
    69 000000B2 83C40C                      add esp, 4*3
    70                                          ;citeste fiecare numar din fisier
    71                                      
    72 000000B5 833D[35000000]00            cmp dword [char], 0
    73 000000BC 7410                        je end_program
    74                                          ;citirea se termina atunci cand se intalneste cifra 0
    75                                        
    76 000000BE 68[35000000]                push dword char
    77 000000C3 FF15[00000000]              call [printf]
    78 000000C9 83C404                      add esp, 4
    79                                          ;se afiseaza numarul citit
    80                                      
    81 000000CC EBCE                        jmp citire_fisier
    82                                          ;se repeta
    83                                  
    84                                    
    85                                  end_program:
    86 000000CE 89C3                        mov ebx, eax
    87 000000D0 FF15[00000000]              call [fclose]
    88                                          ;inchide fisierul
    89 000000D6 6A00                        push dword 0
    90 000000D8 FF15[00000000]              call [exit]
    91                                          
