     1                                  bits 32
     2                                  
     3                                  section .data
     4 00000000 00000000                    max dd 0
     5                                          ;maximul
     6                                          
     7 00000004 00000000                    number dd 0
     8                                          ;variabila prin care trec numerele citite
     9                                          
    10 00000008 256400                      format db '%d', 0
    11                                          ;formatul pentru citit numere]
    12                                          
    13 0000000B 496E74726F64756365-         input db 'Introduceti un sir de numere: ', 0
    13 00000014 746920756E20736972-
    13 0000001D 206465206E756D6572-
    13 00000026 653A2000           
    14                                          ;sirul de numere care se termina cu 0
    15                                          
    16 0000002A 4D6178696D756C2065-         output db 'Maximul este : %d', 0
    16 00000033 737465203A20256400 
    17                                          ;sirul de caractere care se va afisa
    18                                      
    19                                  section .text
    20                                      global start
    21                                      extern exit, printf, scanf
    22                                      import exit msvcrt.dll
    23                                      import printf msvcrt.dll
    24                                      import scanf msvcrt.dll
    25                                      
    26                                  ;Se citesc de la tastatura numere (in baza 10) pana cand se introduce cifra 0. 
    27                                  ;Determinaţ şi afişaţ cel mai mare număr dintre cele citite.
    28                                      
    29                                  start:
    30 00000000 68[0B000000]                push input
    31 00000005 FF15[00000000]              call [printf]
    32 0000000B 83C404                      add esp, 4
    33                                          ;afisez mesajul, si eliberez parametrul de pe stivax
    34 0000000E EB00                        jmp citire
    35                                      
    36                                  citire:
    37 00000010 8D05[04000000]              lea eax, [number]
    38 00000016 50                          push eax
    39 00000017 68[08000000]                push format
    40 0000001C FF15[00000000]              call [scanf]
    41 00000022 83C408                      add esp, 8
    42                                      
    43 00000025 833D[04000000]00            cmp dword [number], 0
    44                                          ;se compara cu 0 sa vedem daca sirul s-a terminat
    45 0000002C 741C                        je afisare_maxim
    46                                          ;daca este = 0 se termina executia
    47 0000002E 7702                        ja compare_max
    48                                          ;se compara numarul citit cu maximul
    49 00000030 EBDE                        jmp citire
    50                                      
    51                                  
    52                                  compare_max:
    53 00000032 8B0D[04000000]              mov ecx, dword [number]
    54                                          ;se pune numarul citit intr-un registru
    55 00000038 3B0D[00000000]              cmp ecx, [max]
    56                                          ;se compara numarul citit cu maximul
    57 0000003E 7702                        ja update_max_schimb
    58                                          ;sare la schimbarea valorii max
    59 00000040 EBCE                        jmp citire
    60                                          ;daca este <=, se continua citirea
    61                                      
    62                                      
    63                                  update_max_schimb:
    64 00000042 890D[00000000]              mov [max], ecx
    65                                          ;daca este mai mare, se inlocuieste valoarea, apoi se continua
    66 00000048 EBC6                        jmp citire
    67                                      
    68                                      
    69                                  afisare_maxim:
    70 0000004A FF35[00000000]              push dword [max]
    71 00000050 68[2A000000]                push output
    72 00000055 FF15[00000000]              call [printf]
    73                                          ;se afiseaza maximul din sir
    74 0000005B 83C408                      add esp, 8
    75                                          ;se elibereaza stiva
    76                                          
    77 0000005E EB00                        jmp end_program
    78                                          ;se termina executia programului
    79                                      
    80                                  end_program:
    81 00000060 6A00                        push dword 0        
    82 00000062 FF15[00000000]              call [exit]
