     1                                  bits 32
     2                                  
     3                                  global start
     4                                  
     5                                  extern exit
     6                                  import exit msvcrt.dll
     7                                  
     8                                  segment data use32 class = data
     9 00000000 01020304                    x db 1, 2, 3, 4
    10                                  
    11                                      
    12                                      
    13                                  
    14                                  segment code use32 class = code
    15                                      start:
    16 00000000 B005                            mov al, 5
    17 00000002 B3AA                            mov bl, 170
    18 00000004 F6E3                            mul bl
    19                                          
    20 00000006 6A00                        push dword 0
    21 00000008 FF15[00000000]              call [exit]
